<?xml version="1.0" encoding="UTF-8"?>
<!-- Generated by org.testng.reporters.JUnitXMLReporter -->
<testsuite ignored="0" hostname="DESKTOP-N9F7EI8" failures="0" tests="3" name="Default test" time="91.179" errors="0" timestamp="2024-11-20T10:29:22 IST">
  <testcase classname="sMR.Login1" name="Loginwithvalidcredentional" time="4.925"/>
  <testcase classname="sMR.Login1" name="SMRDUEReports" time="69.258"/>
  <testcase classname="sMR.Login1" name="Match" time="5.374"/>
</testsuite> <!-- Default test -->
